FASTQ output directory:
/mnt/d/bioinfo_data/rnaseq_foundation/raw_fastq
==============================
Processing SRR1039513
==============================
SRR1039513: removing old incomplete files if any...
SRR1039513: downloading with fastq-dump...
Rejected 26533376 READS because READLEN < 1
Read 43356464 spots for SRR1039513
Written 43356464 spots for SRR1039513
SRR1039513: checking gzip integrity...
SRR1039513: OK
==============================
Processing SRR1039516
==============================
SRR1039516: removing old incomplete files if any...
SRR1039516: downloading with fastq-dump...
SRR1039516: checking gzip integrity...
SRR1039516: FAILED gzip check. Removing incomplete files.
==============================
Processing SRR1039517
==============================
SRR1039517: removing old incomplete files if any...
SRR1039517: downloading with fastq-dump...
SRR1039517: checking gzip integrity...
SRR1039517: FAILED gzip check. Removing incomplete files.
==============================
Processing SRR1039520
==============================
SRR1039520: removing old incomplete files if any...
SRR1039520: downloading with fastq-dump...
SRR1039520: checking gzip integrity...
SRR1039520: FAILED gzip check. Removing incomplete files.
==============================
Processing SRR1039521
==============================
SRR1039521: removing old incomplete files if any...
SRR1039521: downloading with fastq-dump...
SRR1039521: checking gzip integrity...
SRR1039521: FAILED gzip check. Removing incomplete files.
==============================
Finished remaining downloads
Failed SRR IDs, if any:
SRR1039516
SRR1039517
SRR1039520
SRR1039521
