FASTQ output directory:
/mnt/d/bioinfo_data/rnaseq_foundation/raw_fastq
==============================
Processing SRR1039516
==============================
SRR1039516: removing old incomplete files...
SRR1039516: querying ENA...
SRR1039516: ENA FASTQ URLs:
ftp.sra.ebi.ac.uk/vol1/fastq/SRR103/006/SRR1039516/SRR1039516_1.fastq.gz
ftp.sra.ebi.ac.uk/vol1/fastq/SRR103/006/SRR1039516/SRR1039516_2.fastq.gz
SRR1039516: downloading SRR1039516_1.fastq.gz
SRR1039516: downloading SRR1039516_2.fastq.gz
SRR1039516: checking gzip integrity...
SRR1039516: OK
==============================
Processing SRR1039517
==============================
SRR1039517: removing old incomplete files...
SRR1039517: querying ENA...
SRR1039517: ENA FASTQ URLs:
ftp.sra.ebi.ac.uk/vol1/fastq/SRR103/007/SRR1039517/SRR1039517_1.fastq.gz
ftp.sra.ebi.ac.uk/vol1/fastq/SRR103/007/SRR1039517/SRR1039517_2.fastq.gz
SRR1039517: downloading SRR1039517_1.fastq.gz
SRR1039517: downloading SRR1039517_2.fastq.gz
SRR1039517: checking gzip integrity...
SRR1039517: OK
==============================
Processing SRR1039520
==============================
SRR1039520: removing old incomplete files...
SRR1039520: querying ENA...
SRR1039520: ENA FASTQ URLs:
ftp.sra.ebi.ac.uk/vol1/fastq/SRR103/000/SRR1039520/SRR1039520_1.fastq.gz
ftp.sra.ebi.ac.uk/vol1/fastq/SRR103/000/SRR1039520/SRR1039520_2.fastq.gz
SRR1039520: downloading SRR1039520_1.fastq.gz
SRR1039520: downloading SRR1039520_2.fastq.gz
SRR1039520: checking gzip integrity...
SRR1039520: OK
==============================
Processing SRR1039521
==============================
SRR1039521: removing old incomplete files...
SRR1039521: querying ENA...
SRR1039521: ENA FASTQ URLs:
ftp.sra.ebi.ac.uk/vol1/fastq/SRR103/001/SRR1039521/SRR1039521_1.fastq.gz
ftp.sra.ebi.ac.uk/vol1/fastq/SRR103/001/SRR1039521/SRR1039521_2.fastq.gz
SRR1039521: downloading SRR1039521_1.fastq.gz
SRR1039521: downloading SRR1039521_2.fastq.gz
SRR1039521: checking gzip integrity...
SRR1039521: FAILED gzip check. Removing incomplete files.
==============================
Finished ENA downloads
Failed SRR IDs, if any:
SRR1039521
